
/home/runner/work/exp-ybus-matrix-iitr/exp-ybus-matrix-iitr/experiment/simulation/script.js
   57:10  warning  'autofillSixLines' is defined but never used      no-unused-vars
   81:10  warning  'autofillTwentyLines' is defined but never used   no-unused-vars
  130:10  warning  'calculateDiagonal' is defined but never used     no-unused-vars
  138:87  warning  'math' is not defined                             no-undef
  148:26  warning  'math' is not defined                             no-undef
  148:41  warning  'math' is not defined                             no-undef
  149:31  warning  'math' is not defined                             no-undef
  152:30  warning  'math' is not defined                             no-undef
  153:29  warning  'math' is not defined                             no-undef
  155:27  warning  'math' is not defined                             no-undef
  155:54  warning  'math' is not defined                             no-undef
  158:34  warning  'math' is not defined                             no-undef
  159:17  warning  'math' is not defined                             no-undef
  160:17  warning  'math' is not defined                             no-undef
  160:31  warning  'math' is not defined                             no-undef
  160:58  warning  'math' is not defined                             no-undef
  160:72  warning  'math' is not defined                             no-undef
  164:32  warning  'math' is not defined                             no-undef
  166:17  warning  'math' is not defined                             no-undef
  166:31  warning  'math' is not defined                             no-undef
  166:48  warning  'math' is not defined                             no-undef
  170:29  warning  'math' is not defined                             no-undef
  171:25  warning  'math' is not defined                             no-undef
  174:27  warning  'math' is not defined                             no-undef
  177:29  warning  'math' is not defined                             no-undef
  178:25  warning  'math' is not defined                             no-undef
  191:10  warning  'calculatenonDiagonal' is defined but never used  no-unused-vars
  199:87  warning  'math' is not defined                             no-undef
  209:26  warning  'math' is not defined                             no-undef
  209:41  warning  'math' is not defined                             no-undef
  210:31  warning  'math' is not defined                             no-undef
  213:30  warning  'math' is not defined                             no-undef
  214:29  warning  'math' is not defined                             no-undef
  216:27  warning  'math' is not defined                             no-undef
  216:54  warning  'math' is not defined                             no-undef
  219:34  warning  'math' is not defined                             no-undef
  220:17  warning  'math' is not defined                             no-undef
  221:17  warning  'math' is not defined                             no-undef
  221:31  warning  'math' is not defined                             no-undef
  221:58  warning  'math' is not defined                             no-undef
  221:72  warning  'math' is not defined                             no-undef
  225:32  warning  'math' is not defined                             no-undef
  227:17  warning  'math' is not defined                             no-undef
  227:31  warning  'math' is not defined                             no-undef
  227:48  warning  'math' is not defined                             no-undef
  231:29  warning  'math' is not defined                             no-undef
  232:25  warning  'math' is not defined                             no-undef
  235:27  warning  'math' is not defined                             no-undef
  238:29  warning  'math' is not defined                             no-undef
  239:25  warning  'math' is not defined                             no-undef
  309:10  warning  'calculateYbus' is defined but never used         no-unused-vars
  317:87  warning  'math' is not defined                             no-undef
  327:26  warning  'math' is not defined                             no-undef
  327:41  warning  'math' is not defined                             no-undef
  328:31  warning  'math' is not defined                             no-undef
  331:30  warning  'math' is not defined                             no-undef
  332:29  warning  'math' is not defined                             no-undef
  334:27  warning  'math' is not defined                             no-undef
  334:54  warning  'math' is not defined                             no-undef
  337:34  warning  'math' is not defined                             no-undef
  338:17  warning  'math' is not defined                             no-undef
  339:17  warning  'math' is not defined                             no-undef
  339:31  warning  'math' is not defined                             no-undef
  339:58  warning  'math' is not defined                             no-undef
  339:72  warning  'math' is not defined                             no-undef
  343:32  warning  'math' is not defined                             no-undef
  345:17  warning  'math' is not defined                             no-undef
  345:31  warning  'math' is not defined                             no-undef
  345:48  warning  'math' is not defined                             no-undef
  349:29  warning  'math' is not defined                             no-undef
  350:25  warning  'math' is not defined                             no-undef
  353:27  warning  'math' is not defined                             no-undef
  356:29  warning  'math' is not defined                             no-undef
  357:25  warning  'math' is not defined                             no-undef
  371:12  warning  'i' is already defined                            no-redeclare

✖ 75 problems (0 errors, 75 warnings)

